-- The C compiler identification is GNU 11.4.0
-- The CXX compiler identification is GNU 11.4.0
-- Detecting C compiler ABI info
-- Detecting C compiler ABI info - done
-- Check for working C compiler: /usr/bin/cc - skipped
-- Detecting C compile features
-- Detecting C compile features - done
-- Detecting CXX compiler ABI info
-- Detecting CXX compiler ABI info - done
-- Check for working CXX compiler: /usr/bin/c++ - skipped
-- Detecting CXX compile features
-- Detecting CXX compile features - done
-- Found ament_cmake: 1.3.10 (/opt/ros/humble/share/ament_cmake/cmake)
-- Found Python3: /usr/bin/python3 (found version "3.10.12") found components: Interpreter 
-- Found rclcpp: 16.0.10 (/opt/ros/humble/share/rclcpp/cmake)
-- Found rosidl_generator_c: 3.1.5 (/opt/ros/humble/share/rosidl_generator_c/cmake)
-- Found rosidl_adapter: 3.1.5 (/opt/ros/humble/share/rosidl_adapter/cmake)
-- Found rosidl_generator_cpp: 3.1.5 (/opt/ros/humble/share/rosidl_generator_cpp/cmake)
-- Using all available rosidl_typesupport_c: rosidl_typesupport_fastrtps_c;rosidl_typesupport_introspection_c
-- Using all available rosidl_typesupport_cpp: rosidl_typesupport_fastrtps_cpp;rosidl_typesupport_introspection_cpp
-- Found rmw_implementation_cmake: 6.1.2 (/opt/ros/humble/share/rmw_implementation_cmake/cmake)
-- Found rmw_fastrtps_cpp: 6.2.7 (/opt/ros/humble/share/rmw_fastrtps_cpp/cmake)
-- Found OpenSSL: /usr/lib/x86_64-linux-gnu/libcrypto.so (found version "3.0.2")  
-- Found FastRTPS: /opt/ros/humble/include  
-- Using RMW implementation 'rmw_fastrtps_cpp' as default
-- Looking for pthread.h
-- Looking for pthread.h - found
-- Performing Test CMAKE_HAVE_LIBC_PTHREAD
-- Performing Test CMAKE_HAVE_LIBC_PTHREAD - Success
-- Found Threads: TRUE  
-- Found rclpy: 3.3.14 (/opt/ros/humble/share/rclpy/cmake)
-- Configuring done
-- Generating done
-- Build files have been written to: /home/radar/dev_ws/src/cpp_mmwavec/build/cpp_mmwavec
[ 50%] Building CXX object CMakeFiles/mmwave.dir/src/radar_system.cpp.o
[ 50%] Built target ament_cmake_python_copy_cpp_mmwavec
running egg_info
creating cpp_mmwavec.egg-info
writing cpp_mmwavec.egg-info/PKG-INFO
writing dependency_links to cpp_mmwavec.egg-info/dependency_links.txt
writing top-level names to cpp_mmwavec.egg-info/top_level.txt
writing manifest file 'cpp_mmwavec.egg-info/SOURCES.txt'
reading manifest file 'cpp_mmwavec.egg-info/SOURCES.txt'
writing manifest file 'cpp_mmwavec.egg-info/SOURCES.txt'
[ 50%] Built target ament_cmake_python_build_cpp_mmwavec_egg
[100%] Linking CXX executable mmwave
[100%] Built target mmwave
-- Install configuration: ""
-- Installing: /home/radar/dev_ws/src/cpp_mmwavec/install/cpp_mmwavec/lib/cpp_mmwavec/mmwave
-- Set runtime path of "/home/radar/dev_ws/src/cpp_mmwavec/install/cpp_mmwavec/lib/cpp_mmwavec/mmwave" to ""
-- Installing: /home/radar/dev_ws/src/cpp_mmwavec/install/cpp_mmwavec/share/cpp_mmwavec/environment/pythonpath.sh
-- Installing: /home/radar/dev_ws/src/cpp_mmwavec/install/cpp_mmwavec/share/cpp_mmwavec/environment/pythonpath.dsv
-- Installing: /home/radar/dev_ws/src/cpp_mmwavec/install/cpp_mmwavec/local/lib/python3.10/dist-packages/cpp_mmwavec-0.0.0-py3.10.egg-info
-- Installing: /home/radar/dev_ws/src/cpp_mmwavec/install/cpp_mmwavec/local/lib/python3.10/dist-packages/cpp_mmwavec-0.0.0-py3.10.egg-info/SOURCES.txt
-- Installing: /home/radar/dev_ws/src/cpp_mmwavec/install/cpp_mmwavec/local/lib/python3.10/dist-packages/cpp_mmwavec-0.0.0-py3.10.egg-info/top_level.txt
-- Installing: /home/radar/dev_ws/src/cpp_mmwavec/install/cpp_mmwavec/local/lib/python3.10/dist-packages/cpp_mmwavec-0.0.0-py3.10.egg-info/PKG-INFO
-- Installing: /home/radar/dev_ws/src/cpp_mmwavec/install/cpp_mmwavec/local/lib/python3.10/dist-packages/cpp_mmwavec-0.0.0-py3.10.egg-info/dependency_links.txt
-- Installing: /home/radar/dev_ws/src/cpp_mmwavec/install/cpp_mmwavec/local/lib/python3.10/dist-packages/cpp_mmwavec
-- Installing: /home/radar/dev_ws/src/cpp_mmwavec/install/cpp_mmwavec/local/lib/python3.10/dist-packages/cpp_mmwavec/__init__.py
Listing '/home/radar/dev_ws/src/cpp_mmwavec/install/cpp_mmwavec/local/lib/python3.10/dist-packages/cpp_mmwavec'...
Compiling '/home/radar/dev_ws/src/cpp_mmwavec/install/cpp_mmwavec/local/lib/python3.10/dist-packages/cpp_mmwavec/__init__.py'...
-- Installing: /home/radar/dev_ws/src/cpp_mmwavec/install/cpp_mmwavec/share/ament_index/resource_index/package_run_dependencies/cpp_mmwavec
-- Installing: /home/radar/dev_ws/src/cpp_mmwavec/install/cpp_mmwavec/share/ament_index/resource_index/parent_prefix_path/cpp_mmwavec
-- Installing: /home/radar/dev_ws/src/cpp_mmwavec/install/cpp_mmwavec/share/cpp_mmwavec/environment/ament_prefix_path.sh
-- Installing: /home/radar/dev_ws/src/cpp_mmwavec/install/cpp_mmwavec/share/cpp_mmwavec/environment/ament_prefix_path.dsv
-- Installing: /home/radar/dev_ws/src/cpp_mmwavec/install/cpp_mmwavec/share/cpp_mmwavec/environment/path.sh
-- Installing: /home/radar/dev_ws/src/cpp_mmwavec/install/cpp_mmwavec/share/cpp_mmwavec/environment/path.dsv
-- Installing: /home/radar/dev_ws/src/cpp_mmwavec/install/cpp_mmwavec/share/cpp_mmwavec/local_setup.bash
-- Installing: /home/radar/dev_ws/src/cpp_mmwavec/install/cpp_mmwavec/share/cpp_mmwavec/local_setup.sh
-- Installing: /home/radar/dev_ws/src/cpp_mmwavec/install/cpp_mmwavec/share/cpp_mmwavec/local_setup.zsh
-- Installing: /home/radar/dev_ws/src/cpp_mmwavec/install/cpp_mmwavec/share/cpp_mmwavec/local_setup.dsv
-- Installing: /home/radar/dev_ws/src/cpp_mmwavec/install/cpp_mmwavec/share/cpp_mmwavec/package.dsv
-- Installing: /home/radar/dev_ws/src/cpp_mmwavec/install/cpp_mmwavec/share/ament_index/resource_index/packages/cpp_mmwavec
-- Installing: /home/radar/dev_ws/src/cpp_mmwavec/install/cpp_mmwavec/share/cpp_mmwavec/cmake/cpp_mmwavecConfig.cmake
-- Installing: /home/radar/dev_ws/src/cpp_mmwavec/install/cpp_mmwavec/share/cpp_mmwavec/cmake/cpp_mmwavecConfig-version.cmake
-- Installing: /home/radar/dev_ws/src/cpp_mmwavec/install/cpp_mmwavec/share/cpp_mmwavec/package.xml
