[0.132s] DEBUG:colcon:Command line arguments: ['/usr/bin/colcon', 'build', '--packages-select', 'cpp_mmwavec']
[0.132s] DEBUG:colcon:Parsed command line arguments: Namespace(log_base=None, log_level=None, verb_name='build', build_base='build', install_base='install', merge_install=False, symlink_install=False, test_result_base=None, continue_on_error=False, executor='parallel', parallel_workers=12, event_handlers=None, ignore_user_meta=False, metas=['./colcon.meta'], base_paths=['.'], packages_ignore=None, packages_ignore_regex=None, paths=None, packages_up_to=None, packages_up_to_regex=None, packages_above=None, packages_above_and_dependencies=None, packages_above_depth=None, packages_select_by_dep=None, packages_skip_by_dep=None, packages_skip_up_to=None, packages_select_build_failed=False, packages_skip_build_finished=False, packages_select_test_failures=False, packages_skip_test_passed=False, packages_select=['cpp_mmwavec'], packages_skip=None, packages_select_regex=None, packages_skip_regex=None, packages_start=None, packages_end=None, allow_overriding=[], cmake_args=None, cmake_target=None, cmake_target_skip_unavailable=False, cmake_clean_cache=False, cmake_clean_first=False, cmake_force_configure=False, ament_cmake_args=None, catkin_cmake_args=None, catkin_skip_building_tests=False, mixin_files=None, mixin=None, verb_parser=<colcon_mixin.mixin.mixin_argument.MixinArgumentDecorator object at 0x7ed7444367a0>, verb_extension=<colcon_core.verb.build.BuildVerb object at 0x7ed744532ec0>, main=<bound method BuildVerb.main of <colcon_core.verb.build.BuildVerb object at 0x7ed744532ec0>>, mixin_verb=('build',))
[0.282s] Level 1:colcon.colcon_core.package_discovery:discover_packages(colcon_meta) check parameters
[0.282s] Level 1:colcon.colcon_core.package_discovery:discover_packages(recursive) check parameters
[0.282s] Level 1:colcon.colcon_core.package_discovery:discover_packages(ignore) check parameters
[0.282s] Level 1:colcon.colcon_core.package_discovery:discover_packages(path) check parameters
[0.282s] Level 1:colcon.colcon_core.package_discovery:discover_packages(colcon_meta) discover
[0.282s] Level 1:colcon.colcon_core.package_discovery:discover_packages(recursive) discover
[0.282s] INFO:colcon.colcon_core.package_discovery:Crawling recursively for packages in '/home/radar/dev_ws/src/cpp_mmwavec'
[0.282s] Level 1:colcon.colcon_core.package_identification:_identify(.) by extensions ['ignore', 'ignore_ament_install']
[0.282s] Level 1:colcon.colcon_core.package_identification:_identify(.) by extension 'ignore'
[0.282s] Level 1:colcon.colcon_core.package_identification:_identify(.) by extension 'ignore_ament_install'
[0.282s] Level 1:colcon.colcon_core.package_identification:_identify(.) by extensions ['colcon_pkg']
[0.282s] Level 1:colcon.colcon_core.package_identification:_identify(.) by extension 'colcon_pkg'
[0.282s] Level 1:colcon.colcon_core.package_identification:_identify(.) by extensions ['colcon_meta']
[0.282s] Level 1:colcon.colcon_core.package_identification:_identify(.) by extension 'colcon_meta'
[0.282s] Level 1:colcon.colcon_core.package_identification:_identify(.) by extensions ['ros']
[0.282s] Level 1:colcon.colcon_core.package_identification:_identify(.) by extension 'ros'
[0.295s] DEBUG:colcon.colcon_core.package_identification:Package '.' with type 'ros.ament_cmake' and name 'cpp_mmwavec'
[0.296s] Level 1:colcon.colcon_core.package_discovery:discover_packages(recursive) using defaults
[0.296s] Level 1:colcon.colcon_core.package_discovery:discover_packages(ignore) discover
[0.296s] Level 1:colcon.colcon_core.package_discovery:discover_packages(ignore) using defaults
[0.296s] Level 1:colcon.colcon_core.package_discovery:discover_packages(path) discover
[0.296s] Level 1:colcon.colcon_core.package_discovery:discover_packages(path) using defaults
[0.328s] Level 1:colcon.colcon_core.package_discovery:discover_packages(prefix_path) check parameters
[0.328s] Level 1:colcon.colcon_core.package_discovery:discover_packages(prefix_path) discover
[0.329s] DEBUG:colcon.colcon_installed_package_information.package_discovery:Found 4 installed packages in /home/radar/dev_ws/install
[0.331s] DEBUG:colcon.colcon_installed_package_information.package_discovery:Found 270 installed packages in /opt/ros/humble
[0.332s] Level 1:colcon.colcon_core.package_discovery:discover_packages(prefix_path) using defaults
[0.364s] Level 5:colcon.colcon_core.verb:set package 'cpp_mmwavec' build argument 'cmake_args' from command line to 'None'
[0.364s] Level 5:colcon.colcon_core.verb:set package 'cpp_mmwavec' build argument 'cmake_target' from command line to 'None'
[0.364s] Level 5:colcon.colcon_core.verb:set package 'cpp_mmwavec' build argument 'cmake_target_skip_unavailable' from command line to 'False'
[0.364s] Level 5:colcon.colcon_core.verb:set package 'cpp_mmwavec' build argument 'cmake_clean_cache' from command line to 'False'
[0.364s] Level 5:colcon.colcon_core.verb:set package 'cpp_mmwavec' build argument 'cmake_clean_first' from command line to 'False'
[0.364s] Level 5:colcon.colcon_core.verb:set package 'cpp_mmwavec' build argument 'cmake_force_configure' from command line to 'False'
[0.364s] Level 5:colcon.colcon_core.verb:set package 'cpp_mmwavec' build argument 'ament_cmake_args' from command line to 'None'
[0.364s] Level 5:colcon.colcon_core.verb:set package 'cpp_mmwavec' build argument 'catkin_cmake_args' from command line to 'None'
[0.364s] Level 5:colcon.colcon_core.verb:set package 'cpp_mmwavec' build argument 'catkin_skip_building_tests' from command line to 'False'
[0.364s] DEBUG:colcon.colcon_core.verb:Building package 'cpp_mmwavec' with the following arguments: {'ament_cmake_args': None, 'build_base': '/home/radar/dev_ws/src/cpp_mmwavec/build/cpp_mmwavec', 'catkin_cmake_args': None, 'catkin_skip_building_tests': False, 'cmake_args': None, 'cmake_clean_cache': False, 'cmake_clean_first': False, 'cmake_force_configure': False, 'cmake_target': None, 'cmake_target_skip_unavailable': False, 'install_base': '/home/radar/dev_ws/src/cpp_mmwavec/install/cpp_mmwavec', 'merge_install': False, 'path': '/home/radar/dev_ws/src/cpp_mmwavec', 'symlink_install': False, 'test_result_base': None}
[0.365s] INFO:colcon.colcon_core.executor:Executing jobs using 'parallel' executor
[0.366s] DEBUG:colcon.colcon_parallel_executor.executor.parallel:run_until_complete
[0.366s] INFO:colcon.colcon_ros.task.ament_cmake.build:Building ROS package in '/home/radar/dev_ws/src/cpp_mmwavec' with build type 'ament_cmake'
[0.366s] INFO:colcon.colcon_cmake.task.cmake.build:Building CMake package in '/home/radar/dev_ws/src/cpp_mmwavec'
[0.368s] INFO:colcon.colcon_core.plugin_system:Skipping extension 'colcon_core.shell.bat': Not used on non-Windows systems
[0.368s] INFO:colcon.colcon_core.shell:Skip shell extension 'powershell' for command environment: Not usable outside of PowerShell
[0.368s] DEBUG:colcon.colcon_core.shell:Skip shell extension 'dsv' for command environment
[0.378s] DEBUG:colcon.colcon_core.event_handler.log_command:Invoking command in '/home/radar/dev_ws/src/cpp_mmwavec/build/cpp_mmwavec': CMAKE_PREFIX_PATH=${CMAKE_PREFIX_PATH}:/home/radar/dev_ws/install/mmwave:/opt/ros/humble /usr/bin/cmake --build /home/radar/dev_ws/src/cpp_mmwavec/build/cpp_mmwavec -- -j12 -l12
[8.573s] DEBUG:colcon.colcon_core.event_handler.log_command:Invoked command in '/home/radar/dev_ws/src/cpp_mmwavec/build/cpp_mmwavec' returned '0': CMAKE_PREFIX_PATH=${CMAKE_PREFIX_PATH}:/home/radar/dev_ws/install/mmwave:/opt/ros/humble /usr/bin/cmake --build /home/radar/dev_ws/src/cpp_mmwavec/build/cpp_mmwavec -- -j12 -l12
[8.634s] DEBUG:colcon.colcon_core.event_handler.log_command:Invoking command in '/home/radar/dev_ws/src/cpp_mmwavec/build/cpp_mmwavec': CMAKE_PREFIX_PATH=${CMAKE_PREFIX_PATH}:/home/radar/dev_ws/install/mmwave:/opt/ros/humble /usr/bin/cmake --install /home/radar/dev_ws/src/cpp_mmwavec/build/cpp_mmwavec
[8.719s] Level 1:colcon.colcon_core.environment:create_environment_scripts_only(cpp_mmwavec)
[8.720s] DEBUG:colcon.colcon_core.event_handler.log_command:Invoked command in '/home/radar/dev_ws/src/cpp_mmwavec/build/cpp_mmwavec' returned '0': CMAKE_PREFIX_PATH=${CMAKE_PREFIX_PATH}:/home/radar/dev_ws/install/mmwave:/opt/ros/humble /usr/bin/cmake --install /home/radar/dev_ws/src/cpp_mmwavec/build/cpp_mmwavec
[8.724s] Level 1:colcon.colcon_core.environment:checking '/home/radar/dev_ws/src/cpp_mmwavec/install/cpp_mmwavec' for CMake module files
[8.725s] Level 1:colcon.colcon_core.environment:checking '/home/radar/dev_ws/src/cpp_mmwavec/install/cpp_mmwavec' for CMake config files
[8.726s] Level 1:colcon.colcon_core.shell:create_environment_hook('cpp_mmwavec', 'cmake_prefix_path')
[8.726s] INFO:colcon.colcon_core.shell:Creating environment hook '/home/radar/dev_ws/src/cpp_mmwavec/install/cpp_mmwavec/share/cpp_mmwavec/hook/cmake_prefix_path.ps1'
[8.727s] INFO:colcon.colcon_core.shell:Creating environment descriptor '/home/radar/dev_ws/src/cpp_mmwavec/install/cpp_mmwavec/share/cpp_mmwavec/hook/cmake_prefix_path.dsv'
[8.727s] INFO:colcon.colcon_core.shell:Creating environment hook '/home/radar/dev_ws/src/cpp_mmwavec/install/cpp_mmwavec/share/cpp_mmwavec/hook/cmake_prefix_path.sh'
[8.728s] Level 1:colcon.colcon_core.environment:checking '/home/radar/dev_ws/src/cpp_mmwavec/install/cpp_mmwavec/lib'
[8.729s] Level 1:colcon.colcon_core.environment:checking '/home/radar/dev_ws/src/cpp_mmwavec/install/cpp_mmwavec/bin'
[8.729s] Level 1:colcon.colcon_core.environment:checking '/home/radar/dev_ws/src/cpp_mmwavec/install/cpp_mmwavec/lib/pkgconfig/cpp_mmwavec.pc'
[8.729s] Level 1:colcon.colcon_core.environment:checking '/home/radar/dev_ws/src/cpp_mmwavec/install/cpp_mmwavec/lib/python3.10/site-packages'
[8.729s] Level 1:colcon.colcon_core.environment:checking '/home/radar/dev_ws/src/cpp_mmwavec/install/cpp_mmwavec/bin'
[8.729s] INFO:colcon.colcon_core.shell:Creating package script '/home/radar/dev_ws/src/cpp_mmwavec/install/cpp_mmwavec/share/cpp_mmwavec/package.ps1'
[8.730s] INFO:colcon.colcon_core.shell:Creating package descriptor '/home/radar/dev_ws/src/cpp_mmwavec/install/cpp_mmwavec/share/cpp_mmwavec/package.dsv'
[8.731s] INFO:colcon.colcon_core.shell:Creating package script '/home/radar/dev_ws/src/cpp_mmwavec/install/cpp_mmwavec/share/cpp_mmwavec/package.sh'
[8.731s] INFO:colcon.colcon_core.shell:Creating package script '/home/radar/dev_ws/src/cpp_mmwavec/install/cpp_mmwavec/share/cpp_mmwavec/package.bash'
[8.732s] INFO:colcon.colcon_core.shell:Creating package script '/home/radar/dev_ws/src/cpp_mmwavec/install/cpp_mmwavec/share/cpp_mmwavec/package.zsh'
[8.733s] Level 1:colcon.colcon_core.environment:create_file_with_runtime_dependencies(/home/radar/dev_ws/src/cpp_mmwavec/install/cpp_mmwavec/share/colcon-core/packages/cpp_mmwavec)
[8.769s] Level 1:colcon.colcon_core.environment:create_environment_scripts_only(cpp_mmwavec)
[8.769s] Level 1:colcon.colcon_core.environment:checking '/home/radar/dev_ws/src/cpp_mmwavec/install/cpp_mmwavec' for CMake module files
[8.770s] Level 1:colcon.colcon_core.environment:checking '/home/radar/dev_ws/src/cpp_mmwavec/install/cpp_mmwavec' for CMake config files
[8.771s] Level 1:colcon.colcon_core.shell:create_environment_hook('cpp_mmwavec', 'cmake_prefix_path')
[8.771s] INFO:colcon.colcon_core.shell:Creating environment hook '/home/radar/dev_ws/src/cpp_mmwavec/install/cpp_mmwavec/share/cpp_mmwavec/hook/cmake_prefix_path.ps1'
[8.772s] INFO:colcon.colcon_core.shell:Creating environment descriptor '/home/radar/dev_ws/src/cpp_mmwavec/install/cpp_mmwavec/share/cpp_mmwavec/hook/cmake_prefix_path.dsv'
[8.773s] INFO:colcon.colcon_core.shell:Creating environment hook '/home/radar/dev_ws/src/cpp_mmwavec/install/cpp_mmwavec/share/cpp_mmwavec/hook/cmake_prefix_path.sh'
[8.773s] Level 1:colcon.colcon_core.environment:checking '/home/radar/dev_ws/src/cpp_mmwavec/install/cpp_mmwavec/lib'
[8.773s] Level 1:colcon.colcon_core.environment:checking '/home/radar/dev_ws/src/cpp_mmwavec/install/cpp_mmwavec/bin'
[8.773s] Level 1:colcon.colcon_core.environment:checking '/home/radar/dev_ws/src/cpp_mmwavec/install/cpp_mmwavec/lib/pkgconfig/cpp_mmwavec.pc'
[8.774s] Level 1:colcon.colcon_core.environment:checking '/home/radar/dev_ws/src/cpp_mmwavec/install/cpp_mmwavec/lib/python3.10/site-packages'
[8.774s] Level 1:colcon.colcon_core.environment:checking '/home/radar/dev_ws/src/cpp_mmwavec/install/cpp_mmwavec/bin'
[8.774s] INFO:colcon.colcon_core.shell:Creating package script '/home/radar/dev_ws/src/cpp_mmwavec/install/cpp_mmwavec/share/cpp_mmwavec/package.ps1'
[8.775s] INFO:colcon.colcon_core.shell:Creating package descriptor '/home/radar/dev_ws/src/cpp_mmwavec/install/cpp_mmwavec/share/cpp_mmwavec/package.dsv'
[8.775s] INFO:colcon.colcon_core.shell:Creating package script '/home/radar/dev_ws/src/cpp_mmwavec/install/cpp_mmwavec/share/cpp_mmwavec/package.sh'
[8.775s] INFO:colcon.colcon_core.shell:Creating package script '/home/radar/dev_ws/src/cpp_mmwavec/install/cpp_mmwavec/share/cpp_mmwavec/package.bash'
[8.776s] INFO:colcon.colcon_core.shell:Creating package script '/home/radar/dev_ws/src/cpp_mmwavec/install/cpp_mmwavec/share/cpp_mmwavec/package.zsh'
[8.776s] Level 1:colcon.colcon_core.environment:create_file_with_runtime_dependencies(/home/radar/dev_ws/src/cpp_mmwavec/install/cpp_mmwavec/share/colcon-core/packages/cpp_mmwavec)
[8.776s] DEBUG:colcon.colcon_parallel_executor.executor.parallel:closing loop
[8.776s] DEBUG:colcon.colcon_parallel_executor.executor.parallel:loop closed
[8.776s] DEBUG:colcon.colcon_parallel_executor.executor.parallel:run_until_complete finished with '0'
[8.776s] DEBUG:colcon.colcon_core.event_reactor:joining thread
[8.786s] INFO:colcon.colcon_core.plugin_system:Skipping extension 'colcon_notification.desktop_notification.terminal_notifier': Not used on non-Darwin systems
[8.786s] INFO:colcon.colcon_core.plugin_system:Skipping extension 'colcon_notification.desktop_notification.win32': Not used on non-Windows systems
[8.786s] INFO:colcon.colcon_notification.desktop_notification:Sending desktop notification using 'notify2'
[8.805s] DEBUG:colcon.colcon_core.event_reactor:joined thread
[8.806s] INFO:colcon.colcon_core.shell:Creating prefix script '/home/radar/dev_ws/src/cpp_mmwavec/install/local_setup.ps1'
[8.807s] INFO:colcon.colcon_core.shell:Creating prefix util module '/home/radar/dev_ws/src/cpp_mmwavec/install/_local_setup_util_ps1.py'
[8.808s] INFO:colcon.colcon_core.shell:Creating prefix chain script '/home/radar/dev_ws/src/cpp_mmwavec/install/setup.ps1'
[8.809s] INFO:colcon.colcon_core.shell:Creating prefix script '/home/radar/dev_ws/src/cpp_mmwavec/install/local_setup.sh'
[8.810s] INFO:colcon.colcon_core.shell:Creating prefix util module '/home/radar/dev_ws/src/cpp_mmwavec/install/_local_setup_util_sh.py'
[8.811s] INFO:colcon.colcon_core.shell:Creating prefix chain script '/home/radar/dev_ws/src/cpp_mmwavec/install/setup.sh'
[8.812s] INFO:colcon.colcon_core.shell:Creating prefix script '/home/radar/dev_ws/src/cpp_mmwavec/install/local_setup.bash'
[8.812s] INFO:colcon.colcon_core.shell:Creating prefix chain script '/home/radar/dev_ws/src/cpp_mmwavec/install/setup.bash'
[8.813s] INFO:colcon.colcon_core.shell:Creating prefix script '/home/radar/dev_ws/src/cpp_mmwavec/install/local_setup.zsh'
[8.813s] INFO:colcon.colcon_core.shell:Creating prefix chain script '/home/radar/dev_ws/src/cpp_mmwavec/install/setup.zsh'
