[0.008s] Invoking command in '/home/radar/dev_ws/src/cpp_mmwavec/build/cpp_mmwavec': CMAKE_PREFIX_PATH=${CMAKE_PREFIX_PATH}:/home/radar/dev_ws/install/mmwave:/opt/ros/humble /usr/bin/cmake --build /home/radar/dev_ws/src/cpp_mmwavec/build/cpp_mmwavec -- -j12 -l12
[0.064s] [  0%] Built target ament_cmake_python_copy_cpp_mmwavec
[0.065s] [100%] Built target mmwave
[0.228s] running egg_info
[0.229s] writing cpp_mmwavec.egg-info/PKG-INFO
[0.229s] writing dependency_links to cpp_mmwavec.egg-info/dependency_links.txt
[0.229s] writing top-level names to cpp_mmwavec.egg-info/top_level.txt
[0.230s] reading manifest file 'cpp_mmwavec.egg-info/SOURCES.txt'
[0.231s] writing manifest file 'cpp_mmwavec.egg-info/SOURCES.txt'
[0.251s] [100%] Built target ament_cmake_python_build_cpp_mmwavec_egg
[0.263s] Invoked command in '/home/radar/dev_ws/src/cpp_mmwavec/build/cpp_mmwavec' returned '0': CMAKE_PREFIX_PATH=${CMAKE_PREFIX_PATH}:/home/radar/dev_ws/install/mmwave:/opt/ros/humble /usr/bin/cmake --build /home/radar/dev_ws/src/cpp_mmwavec/build/cpp_mmwavec -- -j12 -l12
[0.307s] Invoking command in '/home/radar/dev_ws/src/cpp_mmwavec/build/cpp_mmwavec': CMAKE_PREFIX_PATH=${CMAKE_PREFIX_PATH}:/home/radar/dev_ws/install/mmwave:/opt/ros/humble /usr/bin/cmake --install /home/radar/dev_ws/src/cpp_mmwavec/build/cpp_mmwavec
[0.315s] -- Install configuration: ""
[0.315s] -- Up-to-date: /home/radar/dev_ws/src/cpp_mmwavec/install/cpp_mmwavec/lib/cpp_mmwavec/mmwave
[0.316s] -- Up-to-date: /home/radar/dev_ws/src/cpp_mmwavec/install/cpp_mmwavec/share/cpp_mmwavec/environment/pythonpath.sh
[0.316s] -- Up-to-date: /home/radar/dev_ws/src/cpp_mmwavec/install/cpp_mmwavec/share/cpp_mmwavec/environment/pythonpath.dsv
[0.316s] -- Up-to-date: /home/radar/dev_ws/src/cpp_mmwavec/install/cpp_mmwavec/local/lib/python3.10/dist-packages/cpp_mmwavec-0.0.0-py3.10.egg-info
[0.316s] -- Installing: /home/radar/dev_ws/src/cpp_mmwavec/install/cpp_mmwavec/local/lib/python3.10/dist-packages/cpp_mmwavec-0.0.0-py3.10.egg-info/SOURCES.txt
[0.316s] -- Installing: /home/radar/dev_ws/src/cpp_mmwavec/install/cpp_mmwavec/local/lib/python3.10/dist-packages/cpp_mmwavec-0.0.0-py3.10.egg-info/top_level.txt
[0.316s] -- Installing: /home/radar/dev_ws/src/cpp_mmwavec/install/cpp_mmwavec/local/lib/python3.10/dist-packages/cpp_mmwavec-0.0.0-py3.10.egg-info/PKG-INFO
[0.316s] -- Installing: /home/radar/dev_ws/src/cpp_mmwavec/install/cpp_mmwavec/local/lib/python3.10/dist-packages/cpp_mmwavec-0.0.0-py3.10.egg-info/dependency_links.txt
[0.316s] -- Up-to-date: /home/radar/dev_ws/src/cpp_mmwavec/install/cpp_mmwavec/local/lib/python3.10/dist-packages/cpp_mmwavec
[0.316s] -- Up-to-date: /home/radar/dev_ws/src/cpp_mmwavec/install/cpp_mmwavec/local/lib/python3.10/dist-packages/cpp_mmwavec/__init__.py
[0.337s] Listing '/home/radar/dev_ws/src/cpp_mmwavec/install/cpp_mmwavec/local/lib/python3.10/dist-packages/cpp_mmwavec'...
[0.340s] -- Up-to-date: /home/radar/dev_ws/src/cpp_mmwavec/install/cpp_mmwavec/share/ament_index/resource_index/package_run_dependencies/cpp_mmwavec
[0.340s] -- Up-to-date: /home/radar/dev_ws/src/cpp_mmwavec/install/cpp_mmwavec/share/ament_index/resource_index/parent_prefix_path/cpp_mmwavec
[0.341s] -- Up-to-date: /home/radar/dev_ws/src/cpp_mmwavec/install/cpp_mmwavec/share/cpp_mmwavec/environment/ament_prefix_path.sh
[0.341s] -- Up-to-date: /home/radar/dev_ws/src/cpp_mmwavec/install/cpp_mmwavec/share/cpp_mmwavec/environment/ament_prefix_path.dsv
[0.341s] -- Up-to-date: /home/radar/dev_ws/src/cpp_mmwavec/install/cpp_mmwavec/share/cpp_mmwavec/environment/path.sh
[0.341s] -- Up-to-date: /home/radar/dev_ws/src/cpp_mmwavec/install/cpp_mmwavec/share/cpp_mmwavec/environment/path.dsv
[0.341s] -- Up-to-date: /home/radar/dev_ws/src/cpp_mmwavec/install/cpp_mmwavec/share/cpp_mmwavec/local_setup.bash
[0.341s] -- Up-to-date: /home/radar/dev_ws/src/cpp_mmwavec/install/cpp_mmwavec/share/cpp_mmwavec/local_setup.sh
[0.341s] -- Up-to-date: /home/radar/dev_ws/src/cpp_mmwavec/install/cpp_mmwavec/share/cpp_mmwavec/local_setup.zsh
[0.341s] -- Up-to-date: /home/radar/dev_ws/src/cpp_mmwavec/install/cpp_mmwavec/share/cpp_mmwavec/local_setup.dsv
[0.342s] -- Installing: /home/radar/dev_ws/src/cpp_mmwavec/install/cpp_mmwavec/share/cpp_mmwavec/package.dsv
[0.342s] -- Up-to-date: /home/radar/dev_ws/src/cpp_mmwavec/install/cpp_mmwavec/share/ament_index/resource_index/packages/cpp_mmwavec
[0.342s] -- Up-to-date: /home/radar/dev_ws/src/cpp_mmwavec/install/cpp_mmwavec/share/cpp_mmwavec/cmake/cpp_mmwavecConfig.cmake
[0.342s] -- Up-to-date: /home/radar/dev_ws/src/cpp_mmwavec/install/cpp_mmwavec/share/cpp_mmwavec/cmake/cpp_mmwavecConfig-version.cmake
[0.342s] -- Up-to-date: /home/radar/dev_ws/src/cpp_mmwavec/install/cpp_mmwavec/share/cpp_mmwavec/package.xml
[0.343s] Invoked command in '/home/radar/dev_ws/src/cpp_mmwavec/build/cpp_mmwavec' returned '0': CMAKE_PREFIX_PATH=${CMAKE_PREFIX_PATH}:/home/radar/dev_ws/install/mmwave:/opt/ros/humble /usr/bin/cmake --install /home/radar/dev_ws/src/cpp_mmwavec/build/cpp_mmwavec
